<?xml version="1.0" encoding="UTF-8"?>
<testng-results skipped="0" failed="0" total="4" passed="4">
  <reporter-output>
    <line>
      <![CDATA[Title Test]]>
    </line>
    <line>
      <![CDATA[Title Test]]>
    </line>
    <line>
      <![CDATA[Title Test]]>
    </line>
    <line>
      <![CDATA[Title Test]]>
    </line>
  </reporter-output>
  <suite name="Default suite" duration-ms="11176" started-at="2018-05-14T06:35:25Z" finished-at="2018-05-14T06:35:36Z">
    <groups>
      <group name="A">
        <method signature="TestGuru99login.test_home_page_appear_correct()[pri:0, instance:test.TestGuru99login@62ee68d8]" name="test_home_page_appear_correct" class="test.TestGuru99login"/>
      </group> <!-- A -->
    </groups>
    <test name="Default test" duration-ms="11176" started-at="2018-05-14T06:35:25Z" finished-at="2018-05-14T06:35:36Z">
      <class name="test.TestGuru99login">
        <test-method status="PASS" signature="Setup()[pri:0, instance:test.TestGuru99login@62ee68d8]" name="Setup" is-config="true" duration-ms="10697" started-at="2018-05-14T12:05:25Z" finished-at="2018-05-14T12:05:36Z">
          <reporter-output>
          </reporter-output>
        </test-method> <!-- Setup -->
        <test-method status="PASS" signature="test_home_page_appear_correct()[pri:0, instance:test.TestGuru99login@62ee68d8]" name="test_home_page_appear_correct" duration-ms="378" started-at="2018-05-14T12:05:36Z" finished-at="2018-05-14T12:05:36Z">
          <reporter-output>
            <line>
              <![CDATA[Title Test]]>
            </line>
          </reporter-output>
        </test-method> <!-- test_home_page_appear_correct -->
        <test-method status="PASS" signature="test_home_page_appear_correct()[pri:0, instance:test.TestGuru99login@62ee68d8]" name="test_home_page_appear_correct" duration-ms="32" started-at="2018-05-14T12:05:36Z" finished-at="2018-05-14T12:05:36Z">
          <reporter-output>
            <line>
              <![CDATA[Title Test]]>
            </line>
          </reporter-output>
        </test-method> <!-- test_home_page_appear_correct -->
        <test-method status="PASS" signature="test_home_page_appear_correct()[pri:0, instance:test.TestGuru99login@62ee68d8]" name="test_home_page_appear_correct" duration-ms="25" started-at="2018-05-14T12:05:36Z" finished-at="2018-05-14T12:05:36Z">
          <reporter-output>
            <line>
              <![CDATA[Title Test]]>
            </line>
          </reporter-output>
        </test-method> <!-- test_home_page_appear_correct -->
        <test-method status="PASS" signature="test_home_page_appear_correct()[pri:0, instance:test.TestGuru99login@62ee68d8]" name="test_home_page_appear_correct" duration-ms="20" started-at="2018-05-14T12:05:36Z" finished-at="2018-05-14T12:05:36Z">
          <reporter-output>
            <line>
              <![CDATA[Title Test]]>
            </line>
          </reporter-output>
        </test-method> <!-- test_home_page_appear_correct -->
      </class> <!-- test.TestGuru99login -->
    </test> <!-- Default test -->
  </suite> <!-- Default suite -->
</testng-results>
