<?xml version="1.0" encoding="UTF-8"?>
<testng-results skipped="0" failed="1" ignored="2" total="8" passed="5">
  <reporter-output>
  </reporter-output>
  <suite name="Loan department" duration-ms="132" started-at="2018-07-25T14:05:10Z" finished-at="2018-07-25T14:05:10Z">
    <groups>
    </groups>
    <test name="Personal Loan" duration-ms="37" started-at="2018-07-25T14:05:10Z" finished-at="2018-07-25T14:05:10Z">
      <class name="TestNG.Day2">
        <test-method status="FAIL" signature="ploan()[pri:0, instance:TestNG.Day2@57e1b0c]" name="ploan" duration-ms="4" started-at="2018-07-25T19:35:10Z" finished-at="2018-07-25T19:35:10Z">
          <exception class="java.lang.AssertionError">
            <message>
              <![CDATA[expected [true] but found [false]]]>
            </message>
            <full-stacktrace>
              <![CDATA[java.lang.AssertionError: expected [true] but found [false]at org.testng.Assert.fail(Assert.java:96)at org.testng.Assert.failNotEquals(Assert.java:776)at org.testng.Assert.assertTrue(Assert.java:44)at org.testng.Assert.assertTrue(Assert.java:54)at TestNG.Day2.ploan(Day2.java:12)at sun.reflect.NativeMethodAccessorImpl.invoke0(Native Method)at sun.reflect.NativeMethodAccessorImpl.invoke(NativeMethodAccessorImpl.java:62)at sun.reflect.DelegatingMethodAccessorImpl.invoke(DelegatingMethodAccessorImpl.java:43)at java.lang.reflect.Method.invoke(Method.java:498)at org.testng.internal.MethodInvocationHelper.invokeMethod(MethodInvocationHelper.java:124)at org.testng.internal.Invoker.invokeMethod(Invoker.java:571)at org.testng.internal.Invoker.invokeTestMethod(Invoker.java:707)at org.testng.internal.Invoker.invokeTestMethods(Invoker.java:979)at org.testng.internal.TestMethodWorker.invokeTestMethods(TestMethodWorker.java:125)at org.testng.internal.TestMethodWorker.run(TestMethodWorker.java:109)at org.testng.TestRunner.privateRun(TestRunner.java:648)at org.testng.TestRunner.run(TestRunner.java:505)at org.testng.SuiteRunner.runTest(SuiteRunner.java:455)at org.testng.SuiteRunner.runSequentially(SuiteRunner.java:450)at org.testng.SuiteRunner.privateRun(SuiteRunner.java:415)at org.testng.SuiteRunner.run(SuiteRunner.java:364)at org.testng.SuiteRunnerWorker.runSuite(SuiteRunnerWorker.java:52)at org.testng.SuiteRunnerWorker.run(SuiteRunnerWorker.java:84)at org.testng.TestNG.runSuitesSequentially(TestNG.java:1187)at org.testng.TestNG.runSuitesLocally(TestNG.java:1116)at org.testng.TestNG.runSuites(TestNG.java:1028)at org.testng.TestNG.run(TestNG.java:996)at org.testng.remote.AbstractRemoteTestNG.run(AbstractRemoteTestNG.java:114)at org.testng.remote.RemoteTestNG.initAndRun(RemoteTestNG.java:251)at org.testng.remote.RemoteTestNG.main(RemoteTestNG.java:77)]]>
            </full-stacktrace>
          </exception> <!-- java.lang.AssertionError -->
          <reporter-output>
          </reporter-output>
        </test-method> <!-- ploan -->
        <test-method status="PASS" signature="aftertest()[pri:0, instance:TestNG.Day2@57e1b0c]" name="aftertest" is-config="true" duration-ms="1" started-at="2018-07-25T19:35:10Z" finished-at="2018-07-25T19:35:10Z">
          <reporter-output>
          </reporter-output>
        </test-method> <!-- aftertest -->
      </class> <!-- TestNG.Day2 -->
      <class name="TestNG.Day1">
        <test-method status="PASS" signature="Prerequisite()[pri:0, instance:TestNG.Day1@2781e022]" name="Prerequisite" is-config="true" duration-ms="0" started-at="2018-07-25T19:35:10Z" finished-at="2018-07-25T19:35:10Z">
          <reporter-output>
          </reporter-output>
        </test-method> <!-- Prerequisite -->
        <test-method status="PASS" signature="Demo()[pri:0, instance:TestNG.Day1@2781e022]" name="Demo" duration-ms="5" started-at="2018-07-25T19:35:10Z" finished-at="2018-07-25T19:35:10Z">
          <reporter-output>
          </reporter-output>
        </test-method> <!-- Demo -->
        <test-method status="PASS" signature="beforemethod()[pri:0, instance:TestNG.Day1@2781e022]" name="beforemethod" is-config="true" duration-ms="0" started-at="2018-07-25T19:35:10Z" finished-at="2018-07-25T19:35:10Z">
          <reporter-output>
          </reporter-output>
        </test-method> <!-- beforemethod -->
        <test-method status="PASS" signature="aftertest()[pri:0, instance:TestNG.Day1@2781e022]" name="aftertest" is-config="true" duration-ms="1" started-at="2018-07-25T19:35:10Z" finished-at="2018-07-25T19:35:10Z">
          <reporter-output>
          </reporter-output>
        </test-method> <!-- aftertest -->
      </class> <!-- TestNG.Day1 -->
    </test> <!-- Personal Loan -->
    <test name="Carloan" duration-ms="25" started-at="2018-07-25T14:05:10Z" finished-at="2018-07-25T14:05:10Z">
      <class name="TestNG.Day1">
        <test-method status="PASS" signature="Beforesuite()[pri:0, instance:TestNG.Day1@2781e022]" name="Beforesuite" is-config="true" duration-ms="17" started-at="2018-07-25T19:35:10Z" finished-at="2018-07-25T19:35:10Z">
          <reporter-output>
          </reporter-output>
        </test-method> <!-- Beforesuite -->
        <test-method status="PASS" signature="beforesuite()[pri:0, instance:TestNG.Day1@2781e022]" name="beforesuite" is-config="true" duration-ms="2" started-at="2018-07-25T19:35:10Z" finished-at="2018-07-25T19:35:10Z">
          <reporter-output>
          </reporter-output>
        </test-method> <!-- beforesuite -->
      </class> <!-- TestNG.Day1 -->
      <class name="TestNG.Day3">
        <test-method status="PASS" signature="WebloginCarloan(java.lang.String, java.lang.String)[pri:0, instance:TestNG.Day3@3234e239]" name="WebloginCarloan" duration-ms="2" started-at="2018-07-25T19:35:10Z" finished-at="2018-07-25T19:35:10Z">
          <params>
            <param index="0">
              <value>
                <![CDATA[abhishek.khaneja.com]]>
              </value>
            </param>
            <param index="1">
              <value>
                <![CDATA[Key value]]>
              </value>
            </param>
          </params>
          <reporter-output>
          </reporter-output>
        </test-method> <!-- WebloginCarloan -->
        <test-method status="PASS" signature="loginAPIcgetdataarloan(java.lang.String, java.lang.String)[pri:0, instance:TestNG.Day3@3234e239]" name="loginAPIcgetdataarloan" duration-ms="1" started-at="2018-07-25T19:35:10Z" data-provider="getdata" finished-at="2018-07-25T19:35:10Z">
          <params>
            <param index="0">
              <value>
                <![CDATA[Firstusername]]>
              </value>
            </param>
            <param index="1">
              <value>
                <![CDATA[First password]]>
              </value>
            </param>
          </params>
          <reporter-output>
          </reporter-output>
        </test-method> <!-- loginAPIcgetdataarloan -->
        <test-method status="PASS" signature="loginAPIcgetdataarloan(java.lang.String, java.lang.String)[pri:0, instance:TestNG.Day3@3234e239]" name="loginAPIcgetdataarloan" duration-ms="1" started-at="2018-07-25T19:35:10Z" data-provider="getdata" finished-at="2018-07-25T19:35:10Z">
          <params>
            <param index="0">
              <value>
                <![CDATA[Secondusername]]>
              </value>
            </param>
            <param index="1">
              <value>
                <![CDATA[Secondpassword]]>
              </value>
            </param>
          </params>
          <reporter-output>
          </reporter-output>
        </test-method> <!-- loginAPIcgetdataarloan -->
        <test-method status="PASS" signature="loginAPIcgetdataarloan(java.lang.String, java.lang.String)[pri:0, instance:TestNG.Day3@3234e239]" name="loginAPIcgetdataarloan" duration-ms="2" started-at="2018-07-25T19:35:10Z" data-provider="getdata" finished-at="2018-07-25T19:35:10Z">
          <params>
            <param index="0">
              <value>
                <![CDATA[Thirdusername]]>
              </value>
            </param>
            <param index="1">
              <value>
                <![CDATA[Thirdpassword]]>
              </value>
            </param>
          </params>
          <reporter-output>
          </reporter-output>
        </test-method> <!-- loginAPIcgetdataarloan -->
      </class> <!-- TestNG.Day3 -->
    </test> <!-- Carloan -->
  </suite> <!-- Loan department -->
</testng-results>
