<?xml version="1.0" encoding="UTF-8"?>
<testng-results skipped="0" failed="0" ignored="0" total="1" passed="1">
  <reporter-output>
  </reporter-output>
  <suite name="Default suite" duration-ms="25628" started-at="2018-01-12T07:06:36Z" finished-at="2018-01-12T07:07:02Z">
    <groups>
    </groups>
    <test name="Default test" duration-ms="25628" started-at="2018-01-12T07:06:36Z" finished-at="2018-01-12T07:07:02Z">
      <class name="demo.Testconfig">
        <test-method status="PASS" signature="testchrome()[pri:0, instance:demo.Testconfig@53f65459]" name="testchrome" duration-ms="25595" started-at="2018-01-12T12:36:36Z" finished-at="2018-01-12T12:37:02Z">
          <reporter-output>
          </reporter-output>
        </test-method> <!-- testchrome -->
      </class> <!-- demo.Testconfig -->
    </test> <!-- Default test -->
  </suite> <!-- Default suite -->
</testng-results>
