<?xml version="1.0" encoding="UTF-8"?>
<!-- Generated by org.testng.reporters.JUnitXMLReporter -->
<testsuite hostname="DESKTOP-T5096OQ" name="Default test" tests="4" failures="0" timestamp="14 May 2018 06:35:36 GMT" time="11.176" errors="0">
  <testcase name="test_home_page_appear_correct" time="0.378" classname="test.TestGuru99login"/>
  <testcase name="test_home_page_appear_correct" time="0.032" classname="test.TestGuru99login"/>
  <testcase name="test_home_page_appear_correct" time="0.025" classname="test.TestGuru99login"/>
  <testcase name="test_home_page_appear_correct" time="0.02" classname="test.TestGuru99login"/>
</testsuite> <!-- Default test -->
