<?xml version="1.0" encoding="UTF-8"?>
<!-- Generated by org.testng.reporters.JUnitXMLReporter -->
<testsuite hostname="DESKTOP-T5096OQ" ignored="1" name="Carloan" tests="4" failures="0" timestamp="25 Jul 2018 14:05:10 GMT" time="0.025" errors="0">
  <testcase name="WebloginCarloan" time="0.002" classname="TestNG.Day3"/>
  <testcase name="loginAPIcgetdataarloan" time="0.001" classname="TestNG.Day3"/>
  <testcase name="loginAPIcgetdataarloan" time="0.001" classname="TestNG.Day3"/>
  <testcase name="loginAPIcgetdataarloan" time="0.002" classname="TestNG.Day3"/>
  <testcase name="mobileloginCarloan" time="0.0" classname="TestNG.Day3">
    <ignored/>
  </testcase> <!-- mobileloginCarloan -->
</testsuite> <!-- Carloan -->
