<?xml version="1.0" encoding="UTF-8"?>
<!-- Generated by org.testng.reporters.JUnitXMLReporter -->
<testsuite hostname="DESKTOP-T5096OQ" ignored="1" name="Personal Loan" tests="2" failures="1" timestamp="25 Jul 2018 14:05:10 GMT" time="0.037" errors="0">
  <testcase name="Demo" time="0.005" classname="TestNG.Day1"/>
  <testcase name="ploan" time="0.004" classname="TestNG.Day2">
    <failure type="java.lang.AssertionError" message="expected [true] but found [false]">
      <![CDATA[java.lang.AssertionError: expected [true] but found [false]at TestNG.Day2.ploan(Day2.java:12)... Removed 29 stack frames]]>
    </failure>
  </testcase> <!-- ploan -->
  <testcase name="secondtest" time="0.0" classname="TestNG.Day1">
    <ignored/>
  </testcase> <!-- secondtest -->
</testsuite> <!-- Personal Loan -->
