<?xml version="1.0" encoding="UTF-8"?>
<testng-results skipped="0" failed="0" ignored="0" total="2" passed="2">
  <reporter-output>
  </reporter-output>
  <suite name="Default suite" duration-ms="18091" started-at="2018-01-07T12:46:00Z" finished-at="2018-01-07T12:46:18Z">
    <groups>
    </groups>
    <test name="Default test" duration-ms="18091" started-at="2018-01-07T12:46:00Z" finished-at="2018-01-07T12:46:18Z">
      <class name="Grid.SeleniumGrid">
        <test-method status="PASS" signature="Test1()[pri:0, instance:Grid.SeleniumGrid@74650e52]" name="Test1" duration-ms="7910" started-at="2018-01-07T18:16:00Z" finished-at="2018-01-07T18:16:08Z">
          <reporter-output>
          </reporter-output>
        </test-method> <!-- Test1 -->
      </class> <!-- Grid.SeleniumGrid -->
      <class name="Grid.SeleniumGrid1">
        <test-method status="PASS" signature="Test2()[pri:0, instance:Grid.SeleniumGrid1@4b1c1ea0]" name="Test2" duration-ms="10144" started-at="2018-01-07T18:16:08Z" finished-at="2018-01-07T18:16:18Z">
          <reporter-output>
          </reporter-output>
        </test-method> <!-- Test2 -->
      </class> <!-- Grid.SeleniumGrid1 -->
    </test> <!-- Default test -->
  </suite> <!-- Default suite -->
</testng-results>
