<?xml version="1.0" encoding="UTF-8"?>
<!-- Generated by org.testng.reporters.JUnitXMLReporter -->
<testsuite hostname="DESKTOP-T5096OQ" name="Default test(failed)" tests="4" failures="0" timestamp="13 May 2018 18:04:29 GMT" time="18.451" errors="0">
  <testcase name="test_home_page_appear_correct" time="0.14" classname="test.TestGuru99login"/>
  <testcase name="test_home_page_appear_correct" time="0.027" classname="test.TestGuru99login"/>
  <testcase name="test_home_page_appear_correct" time="0.02" classname="test.TestGuru99login"/>
  <testcase name="test_home_page_appear_correct" time="0.022" classname="test.TestGuru99login"/>
</testsuite> <!-- Default test(failed) -->
