<?xml version="1.0" encoding="UTF-8"?>
<!-- Generated by org.testng.reporters.JUnitXMLReporter -->
<testsuite hostname="DESKTOP-T5096OQ" ignored="1" name="Smoke test" tests="2" failures="0" timestamp="04 Jan 2018 07:22:09 GMT" time="0.05" errors="0">
  <testcase name="oneway" time="0.01" classname="TestNG.Tcase"/>
  <testcase name="roundtrip" time="0.001" classname="TestNG.Tcase"/>
  <testcase name="login" time="0.0" classname="TestNG.Tcase">
    <ignored/>
  </testcase> <!-- login -->
</testsuite> <!-- Smoke test -->
