<?xml version="1.0" encoding="UTF-8"?>
<!-- Generated by org.testng.reporters.JUnitXMLReporter -->
<testsuite hostname="DESKTOP-T5096OQ" ignored="0" name="Default test" tests="9" failures="0" timestamp="13 Jan 2018 07:58:29 GMT" time="49.614" errors="0">
  <testcase name="@AfterTest Test5" time="0.001" classname="SelelniumGridPrac.SeleniumGridPrac">
    <failure type="java.lang.NullPointerException">
      <![CDATA[java.lang.NullPointerExceptionat SelelniumGridPrac.SeleniumGridPrac.Test5(SeleniumGridPrac.java:43)at sun.reflect.NativeMethodAccessorImpl.invoke0(Native Method)at sun.reflect.NativeMethodAccessorImpl.invoke(Unknown Source)at sun.reflect.DelegatingMethodAccessorImpl.invoke(Unknown Source)at java.lang.reflect.Method.invoke(Unknown Source)at org.testng.internal.MethodInvocationHelper.invokeMethod(MethodInvocationHelper.java:124)at org.testng.internal.MethodInvocationHelper.invokeMethodConsideringTimeout(MethodInvocationHelper.java:59)at org.testng.internal.Invoker.invokeConfigurationMethod(Invoker.java:451)at org.testng.internal.Invoker.invokeConfigurations(Invoker.java:222)at org.testng.internal.Invoker.invokeConfigurations(Invoker.java:142)at org.testng.TestRunner.afterRun(TestRunner.java:725)at org.testng.TestRunner.run(TestRunner.java:509)at org.testng.SuiteRunner.runTest(SuiteRunner.java:455)at org.testng.SuiteRunner.runSequentially(SuiteRunner.java:450)at org.testng.SuiteRunner.privateRun(SuiteRunner.java:415)at org.testng.SuiteRunner.run(SuiteRunner.java:364)at org.testng.SuiteRunnerWorker.runSuite(SuiteRunnerWorker.java:52)at org.testng.SuiteRunnerWorker.run(SuiteRunnerWorker.java:84)at org.testng.TestNG.runSuitesSequentially(TestNG.java:1187)at org.testng.TestNG.runSuitesLocally(TestNG.java:1116)at org.testng.TestNG.runSuites(TestNG.java:1028)at org.testng.TestNG.run(TestNG.java:996)at org.testng.remote.AbstractRemoteTestNG.run(AbstractRemoteTestNG.java:114)at org.testng.remote.RemoteTestNG.initAndRun(RemoteTestNG.java:251)at org.testng.remote.RemoteTestNG.main(RemoteTestNG.java:77)]]>
    </failure>
  </testcase> <!-- @AfterTest Test5 -->
  <testcase name="@AfterTest Test5" time="0.0" classname="SelelniumGridPrac.SeleniumGridPrac1">
    <skipped/>
  </testcase> <!-- @AfterTest Test5 -->
  <testcase name="@AfterTest Test5" time="0.0" classname="SelelniumGridPrac.SeleniumGridPrac2">
    <skipped/>
  </testcase> <!-- @AfterTest Test5 -->
  <testcase name="Test2" time="0.007" classname="SelelniumGridPrac.SeleniumGridPrac"/>
  <testcase name="Test3" time="0.004" classname="SelelniumGridPrac.SeleniumGridPrac"/>
  <testcase name="Test4" time="0.005" classname="SelelniumGridPrac.SeleniumGridPrac"/>
  <testcase name="Test2" time="0.002" classname="SelelniumGridPrac.SeleniumGridPrac1"/>
  <testcase name="Test3" time="0.003" classname="SelelniumGridPrac.SeleniumGridPrac1"/>
  <testcase name="Test4" time="0.001" classname="SelelniumGridPrac.SeleniumGridPrac1"/>
  <testcase name="Test2" time="0.003" classname="SelelniumGridPrac.SeleniumGridPrac2"/>
  <testcase name="Test3" time="0.001" classname="SelelniumGridPrac.SeleniumGridPrac2"/>
  <testcase name="Test4" time="0.001" classname="SelelniumGridPrac.SeleniumGridPrac2"/>
</testsuite> <!-- Default test -->
